빌드 시작: 2015-08-07 오후 4:31:09
     1>2 노드의 "C:\Projects\2015_GameP2\Zerux\Win32Project1\Win32Project1.vcxproj" 프로젝트(Build 대상)입니다.
     1>Link:
         C:\Program Files (x86)\Microsoft Visual Studio 14.0\VC\bin\link.exe /ERRORREPORT:PROMPT /OUT:"C:\Projects\2015_GameP2\Zerux\Release\Win32Project1.exe" /INCREMENTAL:NO /NOLOGO d3dx9.lib kernel32.lib user32.lib gdi32.lib winspool.lib comdlg32.lib advapi32.lib shell32.lib ole32.lib oleaut32.lib uuid.lib odbc32.lib odbccp32.lib /MANIFEST /MANIFESTUAC:"level='asInvoker' uiAccess='false'" /manifest:embed /Debug /PDB:"C:\Projects\2015_GameP2\Zerux\Release\Win32Project1.pdb" /SUBSYSTEM:CONSOLE /OPT:REF /OPT:ICF /LTCG:incremental /TLBID:1 /DYNAMICBASE /NXCOMPAT /IMPLIB:"C:\Projects\2015_GameP2\Zerux\Release\Win32Project1.lib" /MACHINE:X86 /SAFESEH Release\Animation.obj
         Release\App.obj
         Release\Arrow.obj
         Release\ArrowScene.obj
         Release\Background.obj
         Release\Boss.obj
         Release\EnemyBullet.obj
         Release\FinalBoss.obj
         Release\FinalBullet.obj
         Release\Particle.obj
         Release\ParticleSystem.obj
         Release\Player.obj
         Release\SoundManager.obj
         Release\Font.obj
         Release\GameScene.obj
         Release\InputManager.obj
         Release\IScene.obj
         Release\main.obj
         Release\ResourceManager.obj
         Release\SceneManager.obj
         Release\Sprite.obj
         Release\StandBoss.obj
         Release\StandBullet.obj
         코드를 생성하고 있습니다.
         All 769 functions were compiled because no usable IPDB/IOBJ from previous compilation was found.
         코드를 생성했습니다.
         Win32Project1.vcxproj -> C:\Projects\2015_GameP2\Zerux\Release\Win32Project1.exe
     1>"C:\Projects\2015_GameP2\Zerux\Win32Project1\Win32Project1.vcxproj" 프로젝트를 빌드했습니다(Build 대상).

빌드했습니다.

경과 시간: 00:00:03.17
