빌드 시작: 2015-08-05 오후 3:29:29
     1>2 노드의 "C:\Projects\2015_GameP2\Engine\Win32Project1\Win32Project1.vcxproj" 프로젝트(Build 대상)입니다.
     1>ClCompile:
         C:\Program Files (x86)\Microsoft Visual Studio 14.0\VC\bin\CL.exe /c /ZI /nologo /W3 /WX- /sdl /Od /Oy- /D WIN32 /D _DEBUG /D _CONSOLE /D _LIB /D _UNICODE /D UNICODE /Gm /EHsc /RTC1 /MDd /GS /fp:precise /Zc:wchar_t /Zc:forScope /Zc:inline /Fo"Debug\\" /Fd"Debug\vc140.pdb" /Gd /TP /analyze- /errorReport:prompt Arrow.cpp
         Arrow.cpp
     1>c:\projects\2015_gamep2\engine\win32project1\arrow.cpp(20): warning C4244: '=': 'int'에서 'float'(으)로 변환하면서 데이터가 손실될 수 있습니다.
     1>c:\projects\2015_gamep2\engine\win32project1\arrow.cpp(39): warning C4244: '=': 'FLOAT'에서 'LONG'(으)로 변환하면서 데이터가 손실될 수 있습니다.
     1>c:\projects\2015_gamep2\engine\win32project1\arrow.cpp(40): warning C4244: '=': 'FLOAT'에서 'LONG'(으)로 변환하면서 데이터가 손실될 수 있습니다.
     1>c:\projects\2015_gamep2\engine\win32project1\arrow.cpp(41): warning C4244: '=': 'FLOAT'에서 'LONG'(으)로 변환하면서 데이터가 손실될 수 있습니다.
     1>c:\projects\2015_gamep2\engine\win32project1\arrow.cpp(42): warning C4244: '=': 'FLOAT'에서 'LONG'(으)로 변환하면서 데이터가 손실될 수 있습니다.
     1>c:\projects\2015_gamep2\engine\win32project1\arrow.cpp(46): warning C4244: '=': 'FLOAT'에서 'LONG'(으)로 변환하면서 데이터가 손실될 수 있습니다.
     1>c:\projects\2015_gamep2\engine\win32project1\arrow.cpp(47): warning C4244: '=': 'FLOAT'에서 'LONG'(으)로 변환하면서 데이터가 손실될 수 있습니다.
     1>c:\projects\2015_gamep2\engine\win32project1\arrow.cpp(48): warning C4244: '=': 'FLOAT'에서 'LONG'(으)로 변환하면서 데이터가 손실될 수 있습니다.
     1>c:\projects\2015_gamep2\engine\win32project1\arrow.cpp(49): warning C4244: '=': 'FLOAT'에서 'LONG'(으)로 변환하면서 데이터가 손실될 수 있습니다.
     1>c:\projects\2015_gamep2\engine\win32project1\arrow.cpp(51): warning C4805: '==': 연산에 'BOOL' 형식과 'bool' 형식을 함께 사용하는 것은 안전하지 않습니다.
       Link:
         C:\Program Files (x86)\Microsoft Visual Studio 14.0\VC\bin\link.exe /ERRORREPORT:PROMPT /OUT:"C:\Projects\2015_GameP2\Engine\Debug\Win32Project1.exe" /INCREMENTAL /NOLOGO kernel32.lib user32.lib gdi32.lib winspool.lib comdlg32.lib advapi32.lib shell32.lib ole32.lib oleaut32.lib uuid.lib odbc32.lib odbccp32.lib /MANIFEST /MANIFESTUAC:"level='asInvoker' uiAccess='false'" /manifest:embed /Debug /PDB:"C:\Projects\2015_GameP2\Engine\Debug\Win32Project1.pdb" /SUBSYSTEM:WINDOWS /TLBID:1 /DYNAMICBASE /NXCOMPAT /IMPLIB:"C:\Projects\2015_GameP2\Engine\Debug\Win32Project1.lib" /MACHINE:X86 Debug\Animation.obj
         Debug\App.obj
         Debug\Arrow.obj
         Debug\Background.obj
         Debug\Particle.obj
         Debug\ParticleSystem.obj
         Debug\Player.obj
         Debug\SoundManager.obj
         Debug\Font.obj
         Debug\GameScene.obj
         Debug\InputManager.obj
         Debug\IScene.obj
         Debug\main.obj
         Debug\ResourceManager.obj
         Debug\SceneManager.obj
         Debug\Sprite.obj
         Win32Project1.vcxproj -> C:\Projects\2015_GameP2\Engine\Debug\Win32Project1.exe
     1>"C:\Projects\2015_GameP2\Engine\Win32Project1\Win32Project1.vcxproj" 프로젝트를 빌드했습니다(Build 대상).

빌드했습니다.

경과 시간: 00:00:03.79
